<?xml version="1.0" encoding="UTF-8"?>
<!-- Generated by org.testng.reporters.JUnitXMLReporter -->
<testsuite ignored="0" hostname="Supriya_S" failures="0" tests="6" name="Default test" time="38.238" errors="0" timestamp="2024-06-22T01:57:40 IST">
  <testcase classname="saucelabs.automation.HomepageTest" name="Homepage" time="12.135"/>
  <testcase classname="saucelabs.automation.HomepageTest" name="Productspage" time="5.927"/>
  <testcase classname="saucelabs.automation.HomepageTest" name="Cartpage" time="13.568"/>
  <testcase classname="saucelabs.automation.HomepageTest" name="Checkoutpage" time="5.485"/>
  <testcase classname="saucelabs.automation.HomepageTest" name="Overviewpage" time="0.163"/>
  <testcase classname="saucelabs.automation.HomepageTest" name="Finishpage" time="0.866"/>
</testsuite> <!-- Default test -->
